<?xml version="1.0" encoding="UTF-8"?>
<testng-results skipped="0" failed="0" total="1" passed="1">
  <reporter-output>
  </reporter-output>
  <suite name="Default suite" duration-ms="54571" started-at="2017-08-15T17:41:26Z" finished-at="2017-08-15T17:42:20Z">
    <groups>
    </groups>
    <test name="Default test" duration-ms="54571" started-at="2017-08-15T17:41:26Z" finished-at="2017-08-15T17:42:20Z">
      <class name="com.kaiser.module.test.KaiserTest">
        <test-method status="PASS" signature="setUp()[pri:0, instance:com.kaiser.module.test.KaiserTest@30b8a058]" name="setUp" is-config="true" duration-ms="16215" started-at="2017-08-15T10:41:26Z" finished-at="2017-08-15T10:41:42Z">
          <reporter-output>
          </reporter-output>
        </test-method> <!-- setUp -->
        <test-method status="PASS" signature="testKaiser()[pri:0, instance:com.kaiser.module.test.KaiserTest@30b8a058]" name="testKaiser" duration-ms="38320" started-at="2017-08-15T10:41:42Z" finished-at="2017-08-15T10:42:20Z">
          <reporter-output>
          </reporter-output>
        </test-method> <!-- testKaiser -->
        <test-method status="PASS" signature="tearDown()[pri:0, instance:com.kaiser.module.test.KaiserTest@30b8a058]" name="tearDown" is-config="true" duration-ms="1" started-at="2017-08-15T10:42:20Z" finished-at="2017-08-15T10:42:20Z">
          <reporter-output>
          </reporter-output>
        </test-method> <!-- tearDown -->
      </class> <!-- com.kaiser.module.test.KaiserTest -->
    </test> <!-- Default test -->
  </suite> <!-- Default suite -->
</testng-results>
